2025-08-14 21:58:05,708 - __main__ - INFO - === Starting Telegram Bot Service ===
2025-08-14 21:58:05,708 - __main__ - INFO - BOT_TOKEN found, proceeding with startup...
2025-08-14 21:58:05,708 - __main__ - INFO - Starting bot thread...
2025-08-14 21:58:05,708 - __main__ - INFO - Starting Telegram bot in polling mode...
2025-08-14 21:58:05,708 - __main__ - INFO - Waiting for bot to initialize...
2025-08-14 21:58:06,018 - httpx - INFO - HTTP Request: POST https://api.telegram.org/bot8291319394:AAHuwnfDnR1Yd52cGZm3WQGw-whW-1fdTRI/deleteWebhook "HTTP/1.1 200 OK"
2025-08-14 21:58:06,104 - httpx - INFO - HTTP Request: POST https://api.telegram.org/bot8291319394:AAHuwnfDnR1Yd52cGZm3WQGw-whW-1fdTRI/getMe "HTTP/1.1 200 OK"
2025-08-14 21:58:06,104 - telegram.ext.Application - INFO - Application started
2025-08-14 21:58:06,190 - httpx - INFO - HTTP Request: POST https://api.telegram.org/bot8291319394:AAHuwnfDnR1Yd52cGZm3WQGw-whW-1fdTRI/deleteWebhook "HTTP/1.1 200 OK"
2025-08-14 21:58:08,709 - __main__ - INFO - Starting Flask server for health checks...
2025-08-14 21:58:08,709 - __main__ - INFO - Starting health check server on port 10000
2025-08-14 21:58:08,709 - __main__ - INFO - Server will be accessible at http://0.0.0.0:10000
2025-08-14 21:58:08,709 - __main__ - INFO - Health check endpoint: /health
2025-08-14 21:58:08,709 - __main__ - INFO - Root endpoint: /
 * Serving Flask app 'simple_bot'
 * Debug mode: off
2025-08-14 21:58:08,711 - werkzeug - INFO - [31m[1mWARNING: This is a development server. Do not use it in a production deployment. Use a production WSGI server instead.[0m
 * Running on all addresses (0.0.0.0)
 * Running on http://127.0.0.1:10000
 * Running on http://172.30.0.2:10000
2025-08-14 21:58:08,711 - werkzeug - INFO - [33mPress CTRL+C to quit[0m
